#
# A fatal error has been detected by the Java Runtime Environment:
#
#  EXCEPTION_ACCESS_VIOLATION (0xc0000005) at pc=0x680596b5, pid=5512, tid=0x00001408
#
# JRE version: Java(TM) SE Runtime Environment (8.0_121-b13) (build 1.8.0_121-b13)
# Java VM: Java HotSpot(TM) Client VM (25.121-b13 mixed mode windows-x86 )
# Problematic frame:
# V  [jvm.dll+0xb96b5]
#
# Failed to write core dump. Minidumps are not enabled by default on client versions of Windows
#
# If you would like to submit a bug report, please visit:
#   http://bugreport.java.com/bugreport/crash.jsp
#

---------------  T H R E A D  ---------------

Current thread (0x047fcc00):  JavaThread "C1 CompilerThread0" daemon [_thread_in_vm, id=5128, stack(0x04fa0000,0x050a0000)]

siginfo: ExceptionCode=0xc0000005, reading address 0xb662831c

Registers:
EAX=0x2c8001d8, EBX=0x046274a0, ECX=0x0212ba08, EDX=0x04627bb8
ESP=0x0509f314, EBP=0x0509f320, ESI=0x590003b1, EDI=0x00000000
EIP=0x680596b5, EFLAGS=0x00010207

Top of Stack: (sp=0x0509f314)
0x0509f314:   0509f53c 04627bb8 046274a0 0509f33c
0x0509f324:   68059703 0212ba08 0509f53c 04627bb8
0x0509f334:   046274a0 0212ba08 0509f35c 6805d66c
0x0509f344:   04627bb8 0212ba08 0212c7a0 00000000
0x0509f354:   00000001 0509f53c 0509f378 680030dd
0x0509f364:   0212ba08 0212c7a0 0509f53c 00000000
0x0509f374:   046274a0 0509f520 6800337b 046274a0
0x0509f384:   043310e0 04330c78 0026bab0 045e0900 

Instructions: (pc=0x680596b5)
0x68059695:   8b e5 5d c3 cc cc cc cc cc cc cc 55 8b ec 53 56
0x680596a5:   8b 32 57 33 ff 4e 78 3b 8d 49 00 8d 04 3e d1 f8
0x680596b5:   8b 4c 82 04 8b 49 04 0f b7 59 1a 8b 49 08 8b 4c
0x680596c5:   99 2c 3b 4d 08 72 10 33 db 3b 4d 08 0f 95 c3 8b 


Register to memory mapping:

EAX=0x2c8001d8 is an unknown value
EBX=0x046274a0 is pointing into metadata
ECX=0x0212ba08 is an unknown value
EDX=0x04627bb8 is pointing into metadata
ESP=0x0509f314 is pointing into the stack for thread: 0x047fcc00
EBP=0x0509f320 is pointing into the stack for thread: 0x047fcc00
ESI=0x590003b1 is an unknown value
EDI=0x00000000 is an unknown value


Stack: [0x04fa0000,0x050a0000],  sp=0x0509f314,  free space=1020k
Native frames: (J=compiled Java code, j=interpreted, Vv=VM code, C=native code)
V  [jvm.dll+0xb96b5]
V  [jvm.dll+0xb9703]
V  [jvm.dll+0xbd66c]
V  [jvm.dll+0x630dd]
V  [jvm.dll+0x6337b]
V  [jvm.dll+0x63ba6]
V  [jvm.dll+0x2650c]
V  [jvm.dll+0x295a49]
V  [jvm.dll+0x297e76]
V  [jvm.dll+0x298896]
V  [jvm.dll+0x29c87d]
V  [jvm.dll+0x29c9cb]
V  [jvm.dll+0x289fb2]
V  [jvm.dll+0x28a19b]
V  [jvm.dll+0x28a2ea]
V  [jvm.dll+0x28a458]
V  [jvm.dll+0x28a6d2]
V  [jvm.dll+0x7066a]
V  [jvm.dll+0x70e1f]
V  [jvm.dll+0x17d800]
V  [jvm.dll+0x17e07a]
V  [jvm.dll+0x1c2ae6]
C  [MSVCR100.dll+0x5c556]
C  [MSVCR100.dll+0x5c600]
C  [kernel32.dll+0x1336a]
C  [ntdll.dll+0x398f2]
C  [ntdll.dll+0x398c5]
C  0x00000000


Current CompileTask:
C1:    792  146  s          java.util.Hashtable::put (104 bytes)


---------------  P R O C E S S  ---------------

Java Threads: ( => current thread )
  0x0482b800 JavaThread "Service Thread" daemon [_thread_blocked, id=340, stack(0x050e0000,0x051e0000)]
=>0x047fcc00 JavaThread "C1 CompilerThread0" daemon [_thread_in_vm, id=5128, stack(0x04fa0000,0x050a0000)]
  0x047f8400 JavaThread "Attach Listener" daemon [_thread_blocked, id=3424, stack(0x04e60000,0x04f60000)]
  0x047e4400 JavaThread "Signal Dispatcher" daemon [_thread_blocked, id=5776, stack(0x04d20000,0x04e20000)]
  0x047d6400 JavaThread "Finalizer" daemon [_thread_blocked, id=5708, stack(0x04b90000,0x04c90000)]
  0x047b1800 JavaThread "Reference Handler" daemon [_thread_blocked, id=5764, stack(0x04a90000,0x04b90000)]
  0x0026d000 JavaThread "main" [_thread_blocked, id=5908, stack(0x00090000,0x00190000)]

Other Threads:
  0x047aa400 VMThread [stack: 0x04990000,0x04a90000] [id=5180]
  0x04887400 WatcherThread [stack: 0x05220000,0x05320000] [id=5664]

VM state:not at safepoint (normal execution)

VM Mutex/Monitor currently owned by a thread:  ([mutex/lock_event])
[0x0026bab0] Compile_lock - owner thread: 0x047fcc00

Heap:
 def new generation   total 4928K, used 2581K [0x0f200000, 0x0f750000, 0x14750000)
  eden space 4416K,  46% used [0x0f200000, 0x0f405688, 0x0f650000)
  from space 512K, 100% used [0x0f6d0000, 0x0f750000, 0x0f750000)
  to   space 512K,   0% used [0x0f650000, 0x0f650000, 0x0f6d0000)
 tenured generation   total 10944K, used 864K [0x14750000, 0x15200000, 0x1f200000)
   the space 10944K,   7% used [0x14750000, 0x14828308, 0x14828400, 0x15200000)
 Metaspace       used 3066K, capacity 3090K, committed 3136K, reserved 4480K

Card table byte_map: [0x042a0000,0x04330000] byte_map_base: 0x04227000

Polling page: 0x00270000

CodeCache: size=32768Kb used=868Kb max_used=868Kb free=31899Kb
 bounds [0x022a0000, 0x02380000, 0x042a0000]
 total_blobs=303 nmethods=145 adapters=89
 compilation: enabled

Compilation events (10 events):
Event: 0.599 Thread 0x047fcc00 nmethod 141 0x02377d48 code [0x02377e50, 0x023782bc]
Event: 0.604 Thread 0x047fcc00  142             java.io.ByteArrayInputStream::mark (9 bytes)
Event: 0.605 Thread 0x047fcc00 nmethod 142 0x023783c8 code [0x023784c0, 0x02378540]
Event: 0.606 Thread 0x047fcc00  143             java.util.Hashtable::rehash (142 bytes)
Event: 0.606 Thread 0x047fcc00 nmethod 143 0x02378588 code [0x023786c0, 0x023789ac]
Event: 0.606 Thread 0x047fcc00  144             sun.security.provider.DigestBase::implCompressMultiBlock (23 bytes)
Event: 0.607 Thread 0x047fcc00 nmethod 144 0x02378c08 code [0x02378d10, 0x02378dec]
Event: 0.612 Thread 0x047fcc00  145             java.lang.String::startsWith (7 bytes)
Event: 0.612 Thread 0x047fcc00 nmethod 145 0x02378e88 code [0x02378f80, 0x0237901c]
Event: 0.613 Thread 0x047fcc00  146  s          java.util.Hashtable::put (104 bytes)

GC Heap History (2 events):
Event: 0.584 GC heap before
{Heap before GC invocations=0 (full 0):
 def new generation   total 4928K, used 4416K [0x0f200000, 0x0f750000, 0x14750000)
  eden space 4416K, 100% used [0x0f200000, 0x0f650000, 0x0f650000)
  from space 512K,   0% used [0x0f650000, 0x0f650000, 0x0f6d0000)
  to   space 512K,   0% used [0x0f6d0000, 0x0f6d0000, 0x0f750000)
 tenured generation   total 10944K, used 0K [0x14750000, 0x15200000, 0x1f200000)
   the space 10944K,   0% used [0x14750000, 0x14750000, 0x14750200, 0x15200000)
 Metaspace       used 3037K, capacity 3056K, committed 3136K, reserved 4480K
Event: 0.589 GC heap after
Heap after GC invocations=1 (full 0):
 def new generation   total 4928K, used 512K [0x0f200000, 0x0f750000, 0x14750000)
  eden space 4416K,   0% used [0x0f200000, 0x0f200000, 0x0f650000)
  from space 512K, 100% used [0x0f6d0000, 0x0f750000, 0x0f750000)
  to   space 512K,   0% used [0x0f650000, 0x0f650000, 0x0f6d0000)
 tenured generation   total 10944K, used 864K [0x14750000, 0x15200000, 0x1f200000)
   the space 10944K,   7% used [0x14750000, 0x14828308, 0x14828400, 0x15200000)
 Metaspace       used 3037K, capacity 3056K, committed 3136K, reserved 4480K
}

Deoptimization events (0 events):
No events

Internal exceptions (3 events):
Event: 0.046 Thread 0x0026d000 Exception <a 'java/lang/NoSuchMethodError': Method sun.misc.Unsafe.defineClass(Ljava/lang/String;[BII)Ljava/lang/Class; name or signature does not match> (0x0f206e98) thrown at [C:\workspace\8-2-build-windows-i586-cygwin\jdk8u121\8372\hotspot\src\share\vm
Event: 0.046 Thread 0x0026d000 Exception <a 'java/lang/NoSuchMethodError': Method sun.misc.Unsafe.prefetchRead(Ljava/lang/Object;J)V name or signature does not match> (0x0f207168) thrown at [C:\workspace\8-2-build-windows-i586-cygwin\jdk8u121\8372\hotspot\src\share\vm\prims\jni.cpp, li
Event: 0.563 Thread 0x0026d000 Exception <a 'java/lang/ClassNotFoundException': sun/net/www/protocol/c/Handler> (0x0f535048) thrown at [C:\workspace\8-2-build-windows-i586-cygwin\jdk8u121\8372\hotspot\src\share\vm\classfile\systemDictionary.cpp, line 210]

Events (10 events):
Event: 0.571 loading class java/util/IdentityHashMap
Event: 0.571 loading class java/util/IdentityHashMap done
Event: 0.572 loading class org/eclipse/equinox/launcher/Main$Identifier
Event: 0.572 loading class org/eclipse/equinox/launcher/Main$Identifier done
Event: 0.573 loading class org/eclipse/core/runtime/adaptor/EclipseStarter
Event: 0.573 loading class org/eclipse/core/runtime/adaptor/EclipseStarter done
Event: 0.584 Executing VM operation: GenCollectForAllocation
Event: 0.589 Executing VM operation: GenCollectForAllocation done
Event: 0.605 loading class sun/security/x509/SubjectAlternativeNameExtension
Event: 0.605 loading class sun/security/x509/SubjectAlternativeNameExtension done


Dynamic libraries:
0x00400000 - 0x0044e000 	C:\Program Files (x86)\IAR Systems\Embedded Workbench 8.0\common\cmsis-manager\eclipse.exe
0x774f0000 - 0x77670000 	C:\Windows\SysWOW64\ntdll.dll
0x74aa0000 - 0x74bb0000 	C:\Windows\syswow64\kernel32.dll
0x76640000 - 0x76687000 	C:\Windows\syswow64\KERNELBASE.dll
0x74d60000 - 0x74e60000 	C:\Windows\syswow64\USER32.dll
0x75330000 - 0x753c0000 	C:\Windows\syswow64\GDI32.dll
0x774c0000 - 0x774ca000 	C:\Windows\syswow64\LPK.dll
0x76940000 - 0x769dd000 	C:\Windows\syswow64\USP10.dll
0x76300000 - 0x763ac000 	C:\Windows\syswow64\msvcrt.dll
0x75450000 - 0x754f1000 	C:\Windows\syswow64\ADVAPI32.dll
0x74e60000 - 0x74e79000 	C:\Windows\SysWOW64\sechost.dll
0x74750000 - 0x74840000 	C:\Windows\syswow64\RPCRT4.dll
0x746f0000 - 0x74750000 	C:\Windows\syswow64\SspiCli.dll
0x746e0000 - 0x746ec000 	C:\Windows\syswow64\CRYPTBASE.dll
0x70ff0000 - 0x7118e000 	C:\Windows\WinSxS\x86_microsoft.windows.common-controls_6595b64144ccf1df_6.0.7601.18837_none_41e855142bd5705d\COMCTL32.dll
0x74cd0000 - 0x74d27000 	C:\Windows\syswow64\SHLWAPI.dll
0x769e0000 - 0x76a40000 	C:\Windows\system32\IMM32.DLL
0x76570000 - 0x7663d000 	C:\Windows\syswow64\MSCTF.dll
0x70f10000 - 0x70f3b000 	C:\Windows\SysWOW64\nvinit.dll
0x72110000 - 0x72119000 	C:\Windows\system32\VERSION.dll
0x0f000000 - 0x0f006000 	C:\Program Files (x86)\NVIDIA Corporation\CoProcManager\detoured.dll
0x70930000 - 0x7095a000 	C:\Program Files (x86)\NVIDIA Corporation\CoProcManager\nvd3d9wrap.dll
0x75190000 - 0x7532d000 	C:\Windows\syswow64\SETUPAPI.dll
0x76270000 - 0x76297000 	C:\Windows\syswow64\CFGMGR32.dll
0x763b0000 - 0x76441000 	C:\Windows\syswow64\OLEAUT32.dll
0x76690000 - 0x767ed000 	C:\Windows\syswow64\ole32.dll
0x74f10000 - 0x74f22000 	C:\Windows\syswow64\DEVOBJ.dll
0x70b60000 - 0x70b7e000 	C:\Program Files (x86)\NVIDIA Corporation\CoProcManager\nvdxgiwrap.dll
0x72000000 - 0x7200d000 	C:\Program Files (x86)\IAR Systems\Embedded Workbench 8.0\common\cmsis-manager\plugins\org.eclipse.equinox.launcher.win32.win32.x86_1.1.300.v20150602-1417\eclipse_1611.dll
0x67fa0000 - 0x6836e000 	C:\Program Files (x86)\IAR Systems\Embedded Workbench 8.0\common\cmsis-manager\features\com.iar.cmsisagent.jre.win32_1.0.0\jre\bin\client\jvm.dll
0x70d70000 - 0x70d77000 	C:\Windows\system32\WSOCK32.dll
0x761f0000 - 0x76225000 	C:\Windows\syswow64\WS2_32.dll
0x75180000 - 0x75186000 	C:\Windows\syswow64\NSI.dll
0x76230000 - 0x76262000 	C:\Windows\syswow64\WINMM.dll
0x75410000 - 0x75415000 	C:\Windows\syswow64\PSAPI.DLL
0x68680000 - 0x6873f000 	C:\Windows\system32\MSVCR100.dll
0x6abc0000 - 0x6abcc000 	C:\Program Files (x86)\IAR Systems\Embedded Workbench 8.0\common\cmsis-manager\features\com.iar.cmsisagent.jre.win32_1.0.0\jre\bin\verify.dll
0x6ab90000 - 0x6abb1000 	C:\Program Files (x86)\IAR Systems\Embedded Workbench 8.0\common\cmsis-manager\features\com.iar.cmsisagent.jre.win32_1.0.0\jre\bin\java.dll
0x6ab70000 - 0x6ab83000 	C:\Program Files (x86)\IAR Systems\Embedded Workbench 8.0\common\cmsis-manager\features\com.iar.cmsisagent.jre.win32_1.0.0\jre\bin\zip.dll
0x75500000 - 0x7614c000 	C:\Windows\syswow64\SHELL32.dll
0x720d0000 - 0x720db000 	C:\Windows\system32\profapi.dll
0x6f2f0000 - 0x6f307000 	C:\Windows\system32\CRYPTSP.dll
0x6f040000 - 0x6f07b000 	C:\Windows\system32\rsaenh.dll
0x720e0000 - 0x720f7000 	C:\Windows\system32\USERENV.dll
0x69840000 - 0x69856000 	C:\Program Files (x86)\IAR Systems\Embedded Workbench 8.0\common\CMSIS-Manager\features\com.iar.cmsisagent.jre.win32_1.0.0\jre\bin\net.dll
0x70ed0000 - 0x70f0c000 	C:\Windows\system32\mswsock.dll
0x6ed00000 - 0x6ed06000 	C:\Windows\System32\wship6.dll
0x71f60000 - 0x71f7c000 	C:\Windows\system32\IPHLPAPI.DLL
0x71f50000 - 0x71f57000 	C:\Windows\system32\WINNSI.DLL
0x718d0000 - 0x718e2000 	C:\Windows\system32\dhcpcsvc.DLL
0x70c40000 - 0x70c4d000 	C:\Windows\system32\dhcpcsvc6.DLL
0x6d200000 - 0x6d20f000 	C:\Program Files (x86)\IAR Systems\Embedded Workbench 8.0\common\CMSIS-Manager\features\com.iar.cmsisagent.jre.win32_1.0.0\jre\bin\nio.dll
0x71e10000 - 0x71efb000 	C:\Windows\system32\dbghelp.dll

VM Arguments:
java_command: <unknown>
java_class_path (initial): C:\Program Files (x86)\IAR Systems\Embedded Workbench 8.0\common\cmsis-manager\\plugins/org.eclipse.equinox.launcher_1.3.100.v20150511-1540.jar
Launcher Type: generic

Environment Variables:
JAVA_HOME=C:\Program Files (x86)\Java\jdk1.6.0
CLASSPATH=.;C:\Program Files (x86)\Java\jdk1.6.0\lib\tools.jar;C:\Program Files (x86)\Java\jdk1.6.0\lib;C:\Program Files (x86)\Java\jdk1.6.0\lib\dt.jar;


PATH=C:/Program Files (x86)/IAR Systems/Embedded Workbench 8.0/common/cmsis-manager//features/com.iar.cmsisagent.jre.win32_1.0.0/jre/bin/client;C:/Program Files (x86)/IAR Systems/Embedded Workbench 8.0/common/cmsis-manager//features/com.iar.cmsisagent.jre.win32_1.0.0/jre/bin;C:/Program Files (x86)/IAR Systems/Embedded Workbench 8.0/common/cmsis-manager//features/com.iar.cmsisagent.jre.win32_1.0.0/jre/lib/i386;C:\opencv\opencv\build\x86\vc12\bin;C:\Program Files (x86)\Java\jdk1.6.0/bin;C:\Program Files (x86)\Java\jdk1.6.0;

;C:\Program Files\Microsoft SQL Server\120\DTS\Binn\;C:\Program Files\Microsoft SQL Server\Client SDK\ODBC\110\Tools\Binn\;C:\Program Files (x86)\Microsoft SQL Server\120\Tools\Binn\;C:\Program Files\Microsoft SQL Server\120\Tools\Binn\;C:\Program Files\Microsoft SQL Server\110\DTS\Binn\;C:\Program Files (x86)\Microsoft SQL Server\110\Tools\Binn\;C:\Program Files\Microsoft SQL Server\110\Tools\Binn\;C:\Program Files (x86)\Microsoft SQL Server\110\Tools\Binn\ManagementStudio\;C:\Program Files (x86)\Microsoft Visual Studio 10.0\Common7\IDE\PrivateAssemblies\;C:\Program Files (x86)\Microsoft SQL Server\110\DTS\Binn\;C:\Program Files (x86)\GNU Tools ARM Embedded\4.9 2015q3\bin;C:\opencv\opencv\build;C:\uav\SHU_FlightControl_TM4C-1.0.4\Project_Files;
USERNAME=Administrator
OS=Windows_NT
PROCESSOR_IDENTIFIER=Intel64 Family 6 Model 69 Stepping 1, GenuineIntel



---------------  S Y S T E M  ---------------

OS: Windows 7 , 64 bit Build 7601 (6.1.7601.23915)

CPU:total 4 (2 cores per cpu, 2 threads per core) family 6 model 69 stepping 1, cmov, cx8, fxsr, mmx, sse, sse2, sse3, ssse3, sse4.1, sse4.2, popcnt, avx, avx2, aes, clmul, erms, lzcnt, ht, tsc, tscinvbit, bmi1, bmi2

Memory: 4k page, physical 4108176k(1862204k free), swap 8214492k(5266064k free)

vm_info: Java HotSpot(TM) Client VM (25.121-b13) for windows-x86 JRE (1.8.0_121-b13), built on Dec 12 2016 18:17:00 by "java_re" with MS VC++ 10.0 (VS2010)

time: Mon Jan 15 15:28:20 2018
elapsed time: 0 seconds (0d 0h 0m 0s)

